+ srun -u shifter -V /pscratch/sd/s/shas1693/data/sc24_tutorial_data:/data -V /pscratch/sd/t/train993/sc24-dl-tutorial/logs:/logs bash -c '
    source export_DDP_vars.sh
     python train.py --config=short --num_data_workers 4
    '
2024-11-18 16:23:35,339 - root - INFO - ------------------ Configuration ------------------
2024-11-18 16:23:35,340 - root - INFO - Configuration file: /global/u1/t/train993/sc24-dl-tutorial/config/ViT.yaml
2024-11-18 16:23:35,340 - root - INFO - Configuration name: short
2024-11-18 16:23:35,340 - root - INFO - limit_nsamples 512
2024-11-18 16:23:35,340 - root - INFO - limit_nsamples_val 128
2024-11-18 16:23:35,340 - root - INFO - num_iters 128
2024-11-18 16:23:35,340 - root - INFO - embed_dim 384
2024-11-18 16:23:35,340 - root - INFO - depth 12
2024-11-18 16:23:35,340 - root - INFO - dropout 0.0
2024-11-18 16:23:35,341 - root - INFO - patch_size 8
2024-11-18 16:23:35,341 - root - INFO - num_heads 8
2024-11-18 16:23:35,341 - root - INFO - img_size [360, 720]
2024-11-18 16:23:35,341 - root - INFO - dt 1
2024-11-18 16:23:35,341 - root - INFO - global_batch_size 16
2024-11-18 16:23:35,341 - root - INFO - amp_mode none
2024-11-18 16:23:35,341 - root - INFO - enable_fused False
2024-11-18 16:23:35,341 - root - INFO - enable_jit False
2024-11-18 16:23:35,341 - root - INFO - expdir /logs
2024-11-18 16:23:35,341 - root - INFO - lr_schedule cosine
2024-11-18 16:23:35,341 - root - INFO - lr 0.0005
2024-11-18 16:23:35,341 - root - INFO - warmup 0
2024-11-18 16:23:35,341 - root - INFO - optimizer Adam
2024-11-18 16:23:35,341 - root - INFO - data_loader_config pytorch
2024-11-18 16:23:35,341 - root - INFO - num_data_workers 4
2024-11-18 16:23:35,341 - root - INFO - n_in_channels 20
2024-11-18 16:23:35,341 - root - INFO - n_out_channels 20
2024-11-18 16:23:35,341 - root - INFO - train_data_path /data/train
2024-11-18 16:23:35,341 - root - INFO - valid_data_path /data/valid
2024-11-18 16:23:35,342 - root - INFO - inf_data_path /data/test
2024-11-18 16:23:35,342 - root - INFO - time_means_path /data/stats/time_means.npy
2024-11-18 16:23:35,342 - root - INFO - global_means_path /data/stats/global_means.npy
2024-11-18 16:23:35,342 - root - INFO - global_stds_path /data/stats/global_stds.npy
2024-11-18 16:23:35,342 - root - INFO - wireup_info env
2024-11-18 16:23:35,342 - root - INFO - wireup_store tcp
2024-11-18 16:23:35,342 - root - INFO - amp_enabled False
2024-11-18 16:23:35,342 - root - INFO - amp_dtype torch.float32
2024-11-18 16:23:35,342 - root - INFO - ---------------------------------------------------
2024-11-18 16:23:35,583 - root - INFO - rank 0, begin data loader init
2024-11-18 16:23:35,698 - root - INFO - Getting file stats from /data/train/1990.h5
2024-11-18 16:23:35,699 - root - INFO - Overriding total number of samples to: 512
2024-11-18 16:23:35,699 - root - INFO - Number of samples per year: 1460
2024-11-18 16:23:35,699 - root - INFO - Found data at path /data/train. Number of examples: 512. Image Shape: 360 x 720 x 20
2024-11-18 16:23:35,700 - root - INFO - Getting file stats from /data/valid/2016.h5
2024-11-18 16:23:35,701 - root - INFO - Overriding total number of samples to: 128
2024-11-18 16:23:35,701 - root - INFO - Number of samples per year: 1460
2024-11-18 16:23:35,701 - root - INFO - Found data at path /data/valid. Number of examples: 128. Image Shape: 360 x 720 x 20
2024-11-18 16:23:35,701 - root - INFO - rank 0, data loader initialized
2024-11-18 16:23:37,968 - root - INFO - VisionTransformer(
  (patch_embed): PatchEmbed(
    (proj): Conv2d(20, 384, kernel_size=(8, 8), stride=(8, 8))
  )
  (pos_drop): Dropout(p=0.0, inplace=False)
  (blocks): ModuleList(
    (0-11): 12 x Block(
      (drop_path): Identity()
      (norm1): LayerNorm((384,), eps=1e-06, elementwise_affine=True)
      (norm2): LayerNorm((384,), eps=1e-06, elementwise_affine=True)
      (attn): Attention(
        (q): Linear(in_features=384, out_features=384, bias=True)
        (k): Linear(in_features=384, out_features=384, bias=True)
        (v): Linear(in_features=384, out_features=384, bias=True)
        (attn_drop): Dropout(p=0.0, inplace=False)
        (proj): Linear(in_features=384, out_features=384, bias=True)
        (proj_drop): Dropout(p=0.0, inplace=False)
      )
      (mlp): MLP(
        (fc1): Linear(in_features=384, out_features=1536, bias=True)
        (act): GELU(approximate='none')
        (fc2): Linear(in_features=1536, out_features=384, bias=True)
        (drop): Dropout(p=0.0, inplace=False)
      )
    )
  )
  (norm): LayerNorm((384,), eps=1e-06, elementwise_affine=True)
  (head): Linear(in_features=384, out_features=1280, bias=False)
)
2024-11-18 16:23:37,969 - root - INFO - Starting Training Loop...
2024-11-18 16:24:30,882 - root - INFO - Time taken for epoch 1 is 44.950933 sec, avg 11.390197 samples/sec
2024-11-18 16:24:30,883 - root - INFO -   Avg train loss=0.578210
2024-11-18 16:24:36,226 - root - INFO -   Avg val loss=0.41909757256507874
2024-11-18 16:24:36,226 - root - INFO -   Total validation time: 4.619825839996338 sec
2024-11-18 16:25:17,234 - root - INFO - Time taken for epoch 2 is 41.002789 sec, avg 12.486956 samples/sec
2024-11-18 16:25:17,768 - root - INFO -   Avg train loss=0.387811
2024-11-18 16:25:22,920 - root - INFO -   Avg val loss=0.3722454905509949
2024-11-18 16:25:22,921 - root - INFO -   Total validation time: 4.437067031860352 sec
2024-11-18 16:26:04,193 - root - INFO - Time taken for epoch 3 is 41.268468 sec, avg 12.406567 samples/sec
2024-11-18 16:26:04,193 - root - INFO -   Avg train loss=0.354931
2024-11-18 16:26:09,529 - root - INFO -   Avg val loss=0.3528386056423187
2024-11-18 16:26:09,529 - root - INFO -   Total validation time: 4.60546875 sec
2024-11-18 16:26:50,521 - root - INFO - Time taken for epoch 4 is 40.986834 sec, avg 12.491816 samples/sec
2024-11-18 16:26:50,523 - root - INFO -   Avg train loss=0.343503
2024-11-18 16:26:55,789 - root - INFO -   Avg val loss=0.34890463948249817
2024-11-18 16:26:55,789 - root - INFO -   Total validation time: 4.546891212463379 sec
2024-11-18 16:26:55,796 - root - INFO - DONE ---- rank 0
